2018-07-27 10:22:30,149 INFO     E:\Program Files\Python36\lib\site-packages\django\core\servers\basehttp.py[line:124] "GET / HTTP/1.1" 200 993
2018-07-27 10:22:30,191 INFO     E:\Program Files\Python36\lib\site-packages\django\core\servers\basehttp.py[line:124] "GET /static/js/manifest.2ae2e69a05c33dfc65f8.js HTTP/1.1" 304 0
2018-07-27 10:22:30,192 INFO     E:\Program Files\Python36\lib\site-packages\django\core\servers\basehttp.py[line:124] "GET /static/js/vendor.3368260521ebce99eaba.js HTTP/1.1" 304 0
2018-07-27 10:22:30,192 INFO     E:\Program Files\Python36\lib\site-packages\django\core\servers\basehttp.py[line:124] "GET /static/css/app.cefd6fa49371f1d76bc58bd4e2d73822.css HTTP/1.1" 304 0
2018-07-27 10:22:30,198 INFO     E:\Program Files\Python36\lib\site-packages\django\core\servers\basehttp.py[line:124] "GET /static/js/app.917e2985b60c8ab30664.js HTTP/1.1" 304 0
2018-07-27 10:22:31,133 INFO     E:\Program Files\Python36\lib\site-packages\django\core\servers\basehttp.py[line:124] "GET /rocky/device/ HTTP/1.1" 200 1390
2018-07-27 10:27:29,994 WARNING  E:\Program Files\Python36\lib\site-packages\django\core\servers\basehttp.py[line:124] "GET /rocky/device/ HTTP/1.1" 401 9595
2018-07-27 10:27:30,201 INFO     E:\Program Files\Python36\lib\site-packages\django\core\servers\basehttp.py[line:124] "GET /static/rest_framework/css/bootstrap-tweaks.css HTTP/1.1" 200 3385
2018-07-27 10:27:30,205 INFO     E:\Program Files\Python36\lib\site-packages\django\core\servers\basehttp.py[line:124] "GET /static/rest_framework/css/default.css HTTP/1.1" 200 1131
2018-07-27 10:27:30,206 INFO     E:\Program Files\Python36\lib\site-packages\django\core\servers\basehttp.py[line:124] "GET /static/rest_framework/js/jquery-3.3.1.min.js HTTP/1.1" 200 86927
2018-07-27 10:27:30,207 INFO     E:\Program Files\Python36\lib\site-packages\django\core\servers\basehttp.py[line:124] "GET /static/rest_framework/css/prettify.css HTTP/1.1" 200 817
2018-07-27 10:27:30,209 INFO     E:\Program Files\Python36\lib\site-packages\django\core\servers\basehttp.py[line:124] "GET /static/rest_framework/css/bootstrap.min.css HTTP/1.1" 200 121200
2018-07-27 10:27:30,228 INFO     E:\Program Files\Python36\lib\site-packages\django\core\servers\basehttp.py[line:124] "GET /static/rest_framework/js/ajax-form.js HTTP/1.1" 200 3597
2018-07-27 10:27:30,297 INFO     E:\Program Files\Python36\lib\site-packages\django\core\servers\basehttp.py[line:124] "GET /static/rest_framework/js/default.js HTTP/1.1" 200 1262
2018-07-27 10:27:30,298 INFO     E:\Program Files\Python36\lib\site-packages\django\core\servers\basehttp.py[line:124] "GET /static/rest_framework/js/csrf.js HTTP/1.1" 200 1735
2018-07-27 10:27:30,298 INFO     E:\Program Files\Python36\lib\site-packages\django\core\servers\basehttp.py[line:124] "GET /static/rest_framework/js/prettify-min.js HTTP/1.1" 200 13632
2018-07-27 10:27:30,300 INFO     E:\Program Files\Python36\lib\site-packages\django\core\servers\basehttp.py[line:124] "GET /static/rest_framework/js/bootstrap.min.js HTTP/1.1" 200 37045
2018-07-27 10:27:30,308 INFO     E:\Program Files\Python36\lib\site-packages\django\core\servers\basehttp.py[line:124] "GET /static/rest_framework/img/grid.png HTTP/1.1" 200 1458
2018-07-27 10:27:30,425 WARNING  E:\Program Files\Python36\lib\site-packages\django\core\handlers\base.py[line:93] Not Found: /favicon.ico
2018-07-27 10:27:30,428 WARNING  E:\Program Files\Python36\lib\site-packages\django\core\handlers\base.py[line:93] Not Found: /favicon.ico
2018-07-27 10:27:30,430 WARNING  E:\Program Files\Python36\lib\site-packages\django\core\servers\basehttp.py[line:124] "GET /favicon.ico HTTP/1.1" 404 2406
2018-07-27 10:27:30,430 WARNING  E:\Program Files\Python36\lib\site-packages\django\core\servers\basehttp.py[line:124] "GET /favicon.ico HTTP/1.1" 404 2406
2018-07-27 10:27:45,125 WARNING  E:\Program Files\Python36\lib\site-packages\django\core\servers\basehttp.py[line:124] "GET /rocky/device/ HTTP/1.1" 401 9595
2018-07-27 10:27:45,158 INFO     E:\Program Files\Python36\lib\site-packages\django\core\servers\basehttp.py[line:124] "GET /static/rest_framework/css/bootstrap.min.css HTTP/1.1" 304 0
2018-07-27 10:27:45,163 INFO     E:\Program Files\Python36\lib\site-packages\django\core\servers\basehttp.py[line:124] "GET /static/rest_framework/css/bootstrap-tweaks.css HTTP/1.1" 304 0
2018-07-27 10:27:45,170 INFO     E:\Program Files\Python36\lib\site-packages\django\core\servers\basehttp.py[line:124] "GET /static/rest_framework/css/prettify.css HTTP/1.1" 304 0
2018-07-27 10:27:45,177 INFO     E:\Program Files\Python36\lib\site-packages\django\core\servers\basehttp.py[line:124] "GET /static/rest_framework/css/default.css HTTP/1.1" 304 0
2018-07-27 10:27:45,181 INFO     E:\Program Files\Python36\lib\site-packages\django\core\servers\basehttp.py[line:124] "GET /static/rest_framework/js/jquery-3.3.1.min.js HTTP/1.1" 304 0
2018-07-27 10:27:45,192 INFO     E:\Program Files\Python36\lib\site-packages\django\core\servers\basehttp.py[line:124] "GET /static/rest_framework/js/ajax-form.js HTTP/1.1" 304 0
2018-07-27 10:27:45,194 INFO     E:\Program Files\Python36\lib\site-packages\django\core\servers\basehttp.py[line:124] "GET /static/rest_framework/js/csrf.js HTTP/1.1" 304 0
2018-07-27 10:27:45,209 INFO     E:\Program Files\Python36\lib\site-packages\django\core\servers\basehttp.py[line:124] "GET /static/rest_framework/js/bootstrap.min.js HTTP/1.1" 304 0
2018-07-27 10:27:45,213 INFO     E:\Program Files\Python36\lib\site-packages\django\core\servers\basehttp.py[line:124] "GET /static/rest_framework/js/prettify-min.js HTTP/1.1" 304 0
2018-07-27 10:27:45,218 INFO     E:\Program Files\Python36\lib\site-packages\django\core\servers\basehttp.py[line:124] "GET /static/rest_framework/js/default.js HTTP/1.1" 304 0
2018-07-27 10:27:45,219 INFO     E:\Program Files\Python36\lib\site-packages\django\core\servers\basehttp.py[line:124] "GET /static/rest_framework/img/grid.png HTTP/1.1" 304 0
2018-07-27 10:27:47,865 WARNING  E:\Program Files\Python36\lib\site-packages\django\core\servers\basehttp.py[line:124] "GET /rocky/device/ HTTP/1.1" 401 9595
2018-07-27 10:27:47,889 INFO     E:\Program Files\Python36\lib\site-packages\django\core\servers\basehttp.py[line:124] "GET /static/rest_framework/css/bootstrap.min.css HTTP/1.1" 200 121200
2018-07-27 10:27:47,907 INFO     E:\Program Files\Python36\lib\site-packages\django\core\servers\basehttp.py[line:124] "GET /static/rest_framework/css/bootstrap-tweaks.css HTTP/1.1" 200 3385
2018-07-27 10:27:47,911 INFO     E:\Program Files\Python36\lib\site-packages\django\core\servers\basehttp.py[line:124] "GET /static/rest_framework/css/default.css HTTP/1.1" 200 1131
2018-07-27 10:27:47,915 INFO     E:\Program Files\Python36\lib\site-packages\django\core\servers\basehttp.py[line:124] "GET /static/rest_framework/css/prettify.css HTTP/1.1" 200 817
2018-07-27 10:27:47,921 INFO     E:\Program Files\Python36\lib\site-packages\django\core\servers\basehttp.py[line:124] "GET /static/rest_framework/js/ajax-form.js HTTP/1.1" 304 0
2018-07-27 10:27:47,929 INFO     E:\Program Files\Python36\lib\site-packages\django\core\servers\basehttp.py[line:124] "GET /static/rest_framework/js/csrf.js HTTP/1.1" 304 0
2018-07-27 10:27:47,934 INFO     E:\Program Files\Python36\lib\site-packages\django\core\servers\basehttp.py[line:124] "GET /static/rest_framework/js/prettify-min.js HTTP/1.1" 304 0
2018-07-27 10:27:47,936 INFO     E:\Program Files\Python36\lib\site-packages\django\core\servers\basehttp.py[line:124] "GET /static/rest_framework/js/jquery-3.3.1.min.js HTTP/1.1" 304 0
2018-07-27 10:27:47,941 INFO     E:\Program Files\Python36\lib\site-packages\django\core\servers\basehttp.py[line:124] "GET /static/rest_framework/js/bootstrap.min.js HTTP/1.1" 304 0
2018-07-27 10:27:47,945 INFO     E:\Program Files\Python36\lib\site-packages\django\core\servers\basehttp.py[line:124] "GET /static/rest_framework/js/default.js HTTP/1.1" 304 0
2018-07-27 10:27:47,948 INFO     E:\Program Files\Python36\lib\site-packages\django\core\servers\basehttp.py[line:124] "GET /static/rest_framework/img/grid.png HTTP/1.1" 200 1458
2018-07-27 10:28:04,291 WARNING  E:\Program Files\Python36\lib\site-packages\django\core\servers\basehttp.py[line:124] "GET /rocky/device/ HTTP/1.1" 401 9595
2018-07-27 10:28:04,314 INFO     E:\Program Files\Python36\lib\site-packages\django\core\servers\basehttp.py[line:124] "GET /static/rest_framework/css/bootstrap.min.css HTTP/1.1" 304 0
2018-07-27 10:28:04,326 INFO     E:\Program Files\Python36\lib\site-packages\django\core\servers\basehttp.py[line:124] "GET /static/rest_framework/css/prettify.css HTTP/1.1" 304 0
2018-07-27 10:28:04,333 INFO     E:\Program Files\Python36\lib\site-packages\django\core\servers\basehttp.py[line:124] "GET /static/rest_framework/css/bootstrap-tweaks.css HTTP/1.1" 304 0
2018-07-27 10:28:04,345 INFO     E:\Program Files\Python36\lib\site-packages\django\core\servers\basehttp.py[line:124] "GET /static/rest_framework/js/jquery-3.3.1.min.js HTTP/1.1" 304 0
2018-07-27 10:28:04,353 INFO     E:\Program Files\Python36\lib\site-packages\django\core\servers\basehttp.py[line:124] "GET /static/rest_framework/css/default.css HTTP/1.1" 304 0
2018-07-27 10:28:04,366 INFO     E:\Program Files\Python36\lib\site-packages\django\core\servers\basehttp.py[line:124] "GET /static/rest_framework/js/ajax-form.js HTTP/1.1" 304 0
2018-07-27 10:28:04,376 INFO     E:\Program Files\Python36\lib\site-packages\django\core\servers\basehttp.py[line:124] "GET /static/rest_framework/js/bootstrap.min.js HTTP/1.1" 304 0
2018-07-27 10:28:04,382 INFO     E:\Program Files\Python36\lib\site-packages\django\core\servers\basehttp.py[line:124] "GET /static/rest_framework/js/csrf.js HTTP/1.1" 304 0
2018-07-27 10:28:04,386 INFO     E:\Program Files\Python36\lib\site-packages\django\core\servers\basehttp.py[line:124] "GET /static/rest_framework/js/prettify-min.js HTTP/1.1" 304 0
2018-07-27 10:28:04,386 INFO     E:\Program Files\Python36\lib\site-packages\django\core\servers\basehttp.py[line:124] "GET /static/rest_framework/js/default.js HTTP/1.1" 304 0
2018-07-27 10:28:04,387 INFO     E:\Program Files\Python36\lib\site-packages\django\core\servers\basehttp.py[line:124] "GET /static/rest_framework/img/grid.png HTTP/1.1" 304 0
2018-07-27 10:28:06,459 WARNING  E:\Program Files\Python36\lib\site-packages\django\core\servers\basehttp.py[line:124] "GET /rocky/device/ HTTP/1.1" 401 9595
2018-07-27 10:28:06,484 INFO     E:\Program Files\Python36\lib\site-packages\django\core\servers\basehttp.py[line:124] "GET /static/rest_framework/css/bootstrap.min.css HTTP/1.1" 200 121200
2018-07-27 10:28:06,503 INFO     E:\Program Files\Python36\lib\site-packages\django\core\servers\basehttp.py[line:124] "GET /static/rest_framework/css/bootstrap-tweaks.css HTTP/1.1" 200 3385
2018-07-27 10:28:06,516 INFO     E:\Program Files\Python36\lib\site-packages\django\core\servers\basehttp.py[line:124] "GET /static/rest_framework/css/prettify.css HTTP/1.1" 200 817
2018-07-27 10:28:06,520 INFO     E:\Program Files\Python36\lib\site-packages\django\core\servers\basehttp.py[line:124] "GET /static/rest_framework/css/default.css HTTP/1.1" 200 1131
2018-07-27 10:28:06,533 INFO     E:\Program Files\Python36\lib\site-packages\django\core\servers\basehttp.py[line:124] "GET /static/rest_framework/js/jquery-3.3.1.min.js HTTP/1.1" 304 0
2018-07-27 10:28:06,534 INFO     E:\Program Files\Python36\lib\site-packages\django\core\servers\basehttp.py[line:124] "GET /static/rest_framework/js/ajax-form.js HTTP/1.1" 304 0
2018-07-27 10:28:06,536 INFO     E:\Program Files\Python36\lib\site-packages\django\core\servers\basehttp.py[line:124] "GET /static/rest_framework/js/bootstrap.min.js HTTP/1.1" 304 0
2018-07-27 10:28:06,547 INFO     E:\Program Files\Python36\lib\site-packages\django\core\servers\basehttp.py[line:124] "GET /static/rest_framework/js/csrf.js HTTP/1.1" 304 0
2018-07-27 10:28:06,552 INFO     E:\Program Files\Python36\lib\site-packages\django\core\servers\basehttp.py[line:124] "GET /static/rest_framework/js/prettify-min.js HTTP/1.1" 304 0
2018-07-27 10:28:06,554 INFO     E:\Program Files\Python36\lib\site-packages\django\core\servers\basehttp.py[line:124] "GET /static/rest_framework/js/default.js HTTP/1.1" 304 0
2018-07-27 10:28:06,556 INFO     E:\Program Files\Python36\lib\site-packages\django\core\servers\basehttp.py[line:124] "GET /static/rest_framework/img/grid.png HTTP/1.1" 200 1458
2018-07-27 10:28:43,525 WARNING  E:\Program Files\Python36\lib\site-packages\django\core\servers\basehttp.py[line:124] "GET /rocky/device/ HTTP/1.1" 401 9595
2018-07-27 10:28:43,561 INFO     E:\Program Files\Python36\lib\site-packages\django\core\servers\basehttp.py[line:124] "GET /static/rest_framework/css/bootstrap.min.css HTTP/1.1" 304 0
2018-07-27 10:28:43,563 INFO     E:\Program Files\Python36\lib\site-packages\django\core\servers\basehttp.py[line:124] "GET /static/rest_framework/css/prettify.css HTTP/1.1" 304 0
2018-07-27 10:28:43,564 INFO     E:\Program Files\Python36\lib\site-packages\django\core\servers\basehttp.py[line:124] "GET /static/rest_framework/css/bootstrap-tweaks.css HTTP/1.1" 304 0
2018-07-27 10:28:43,566 INFO     E:\Program Files\Python36\lib\site-packages\django\core\servers\basehttp.py[line:124] "GET /static/rest_framework/css/default.css HTTP/1.1" 304 0
2018-07-27 10:28:43,578 INFO     E:\Program Files\Python36\lib\site-packages\django\core\servers\basehttp.py[line:124] "GET /static/rest_framework/js/ajax-form.js HTTP/1.1" 304 0
2018-07-27 10:28:43,584 INFO     E:\Program Files\Python36\lib\site-packages\django\core\servers\basehttp.py[line:124] "GET /static/rest_framework/js/bootstrap.min.js HTTP/1.1" 304 0
2018-07-27 10:28:43,591 INFO     E:\Program Files\Python36\lib\site-packages\django\core\servers\basehttp.py[line:124] "GET /static/rest_framework/js/csrf.js HTTP/1.1" 304 0
2018-07-27 10:28:43,595 INFO     E:\Program Files\Python36\lib\site-packages\django\core\servers\basehttp.py[line:124] "GET /static/rest_framework/js/default.js HTTP/1.1" 304 0
2018-07-27 10:28:43,598 INFO     E:\Program Files\Python36\lib\site-packages\django\core\servers\basehttp.py[line:124] "GET /static/rest_framework/js/prettify-min.js HTTP/1.1" 304 0
2018-07-27 10:28:43,602 INFO     E:\Program Files\Python36\lib\site-packages\django\core\servers\basehttp.py[line:124] "GET /static/rest_framework/img/grid.png HTTP/1.1" 304 0
2018-07-27 10:28:43,607 INFO     E:\Program Files\Python36\lib\site-packages\django\core\servers\basehttp.py[line:124] "GET /static/rest_framework/js/jquery-3.3.1.min.js HTTP/1.1" 304 0
2018-07-27 10:28:46,632 WARNING  E:\Program Files\Python36\lib\site-packages\django\core\servers\basehttp.py[line:124] "GET /rocky/device/ HTTP/1.1" 401 9595
2018-07-27 10:28:46,652 INFO     E:\Program Files\Python36\lib\site-packages\django\core\servers\basehttp.py[line:124] "GET /static/rest_framework/css/bootstrap.min.css HTTP/1.1" 200 8192
2018-07-27 10:28:46,711 ERROR    E:\Program Files\Python36\lib\site-packages\django\core\servers\basehttp.py[line:124] "GET /static/rest_framework/css/bootstrap.min.css HTTP/1.1" 500 59
2018-07-27 10:29:06,225 WARNING  E:\Program Files\Python36\lib\site-packages\django\core\handlers\base.py[line:93] Not Found: /admin
2018-07-27 10:29:06,226 WARNING  E:\Program Files\Python36\lib\site-packages\django\core\servers\basehttp.py[line:124] "GET /admin HTTP/1.1" 404 2388
2018-07-27 10:29:14,239 INFO     E:\Program Files\Python36\lib\site-packages\django\core\servers\basehttp.py[line:124] "GET /admin/ HTTP/1.1" 302 0
2018-07-27 10:29:14,366 INFO     E:\Program Files\Python36\lib\site-packages\django\core\servers\basehttp.py[line:124] "GET /admin/login/?next=/admin/ HTTP/1.1" 200 1855
2018-07-27 10:29:14,517 INFO     E:\Program Files\Python36\lib\site-packages\django\core\servers\basehttp.py[line:124] "GET /static/admin/css/login.css HTTP/1.1" 200 1203
2018-07-27 10:29:14,519 INFO     E:\Program Files\Python36\lib\site-packages\django\core\servers\basehttp.py[line:124] "GET /static/admin/css/responsive.css HTTP/1.1" 200 17894
2018-07-27 10:29:14,519 INFO     E:\Program Files\Python36\lib\site-packages\django\core\servers\basehttp.py[line:124] "GET /static/admin/css/base.css HTTP/1.1" 200 16106
2018-07-27 10:29:14,538 INFO     E:\Program Files\Python36\lib\site-packages\django\core\servers\basehttp.py[line:124] "GET /static/admin/css/fonts.css HTTP/1.1" 200 423
2018-07-27 10:29:14,584 INFO     E:\Program Files\Python36\lib\site-packages\django\core\servers\basehttp.py[line:124] "GET /static/admin/fonts/Roboto-Regular-webfont.woff HTTP/1.1" 200 80304
2018-07-27 10:29:14,592 INFO     E:\Program Files\Python36\lib\site-packages\django\core\servers\basehttp.py[line:124] "GET /static/admin/fonts/Roboto-Light-webfont.woff HTTP/1.1" 200 81348
2018-07-27 10:29:22,392 INFO     E:\Program Files\Python36\lib\site-packages\django\core\servers\basehttp.py[line:124] "POST /admin/login/?next=/admin/ HTTP/1.1" 302 0
2018-07-27 10:29:22,545 INFO     E:\Program Files\Python36\lib\site-packages\django\core\servers\basehttp.py[line:124] "GET /admin/ HTTP/1.1" 200 3647
2018-07-27 10:29:22,591 INFO     E:\Program Files\Python36\lib\site-packages\django\core\servers\basehttp.py[line:124] "GET /static/admin/css/dashboard.css HTTP/1.1" 200 412
2018-07-27 10:29:22,629 INFO     E:\Program Files\Python36\lib\site-packages\django\core\servers\basehttp.py[line:124] "GET /static/admin/img/icon-addlink.svg HTTP/1.1" 200 331
2018-07-27 10:29:22,629 INFO     E:\Program Files\Python36\lib\site-packages\django\core\servers\basehttp.py[line:124] "GET /static/admin/img/icon-changelink.svg HTTP/1.1" 200 380
2018-07-27 10:29:22,667 INFO     E:\Program Files\Python36\lib\site-packages\django\core\servers\basehttp.py[line:124] "GET /static/admin/fonts/Roboto-Bold-webfont.woff HTTP/1.1" 200 82564
2018-07-27 10:29:28,845 INFO     E:\Program Files\Python36\lib\site-packages\django\core\servers\basehttp.py[line:124] "GET /admin/auth/user/ HTTP/1.1" 200 6670
2018-07-27 10:29:28,888 INFO     E:\Program Files\Python36\lib\site-packages\django\core\servers\basehttp.py[line:124] "GET /static/admin/css/changelists.css HTTP/1.1" 200 6170
2018-07-27 10:29:28,908 INFO     E:\Program Files\Python36\lib\site-packages\django\core\servers\basehttp.py[line:124] "GET /admin/jsi18n/ HTTP/1.1" 200 3185
2018-07-27 10:29:28,908 INFO     E:\Program Files\Python36\lib\site-packages\django\core\servers\basehttp.py[line:124] "GET /static/admin/js/jquery.init.js HTTP/1.1" 200 363
2018-07-27 10:29:28,911 INFO     E:\Program Files\Python36\lib\site-packages\django\core\servers\basehttp.py[line:124] "GET /static/admin/js/actions.js HTTP/1.1" 200 6502
2018-07-27 10:29:28,915 INFO     E:\Program Files\Python36\lib\site-packages\django\core\servers\basehttp.py[line:124] "GET /static/admin/js/vendor/jquery/jquery.js HTTP/1.1" 200 258648
2018-07-27 10:29:28,950 INFO     E:\Program Files\Python36\lib\site-packages\django\core\servers\basehttp.py[line:124] "GET /static/admin/js/admin/RelatedObjectLookups.js HTTP/1.1" 200 6897
2018-07-27 10:29:28,952 INFO     E:\Program Files\Python36\lib\site-packages\django\core\servers\basehttp.py[line:124] "GET /static/admin/js/urlify.js HTTP/1.1" 200 8729
2018-07-27 10:29:28,955 INFO     E:\Program Files\Python36\lib\site-packages\django\core\servers\basehttp.py[line:124] "GET /static/admin/js/prepopulate.js HTTP/1.1" 200 1538
2018-07-27 10:29:28,955 INFO     E:\Program Files\Python36\lib\site-packages\django\core\servers\basehttp.py[line:124] "GET /static/admin/js/core.js HTTP/1.1" 200 7134
2018-07-27 10:29:28,957 INFO     E:\Program Files\Python36\lib\site-packages\django\core\servers\basehttp.py[line:124] "GET /static/admin/js/vendor/xregexp/xregexp.js HTTP/1.1" 200 128820
2018-07-27 10:29:28,978 INFO     E:\Program Files\Python36\lib\site-packages\django\core\servers\basehttp.py[line:124] "GET /static/admin/img/icon-yes.svg HTTP/1.1" 200 436
2018-07-27 10:29:28,978 INFO     E:\Program Files\Python36\lib\site-packages\django\core\servers\basehttp.py[line:124] "GET /static/admin/img/search.svg HTTP/1.1" 200 458
2018-07-27 10:29:28,995 INFO     E:\Program Files\Python36\lib\site-packages\django\core\servers\basehttp.py[line:124] "GET /static/admin/img/tooltag-add.svg HTTP/1.1" 200 331
2018-07-27 10:29:29,041 INFO     E:\Program Files\Python36\lib\site-packages\django\core\servers\basehttp.py[line:124] "GET /static/admin/img/sorting-icons.svg HTTP/1.1" 200 1097
2018-07-27 10:29:37,831 WARNING  E:\Program Files\Python36\lib\site-packages\django\core\handlers\base.py[line:93] Not Found: /rocky
2018-07-27 10:29:37,832 WARNING  E:\Program Files\Python36\lib\site-packages\django\core\servers\basehttp.py[line:124] "GET /rocky HTTP/1.1" 404 2388
2018-07-27 10:29:43,193 WARNING  E:\Program Files\Python36\lib\site-packages\django\core\servers\basehttp.py[line:124] "GET /rocky/ HTTP/1.1" 401 9382
2018-07-27 10:30:05,993 WARNING  E:\Program Files\Python36\lib\site-packages\django\core\servers\basehttp.py[line:124] "GET /rocky/ HTTP/1.1" 401 9382
2018-07-27 10:30:06,018 INFO     E:\Program Files\Python36\lib\site-packages\django\core\servers\basehttp.py[line:124] "GET /static/rest_framework/css/bootstrap.min.css HTTP/1.1" 304 0
2018-07-27 10:30:06,028 INFO     E:\Program Files\Python36\lib\site-packages\django\core\servers\basehttp.py[line:124] "GET /static/rest_framework/js/jquery-3.3.1.min.js HTTP/1.1" 304 0
2018-07-27 10:30:06,028 INFO     E:\Program Files\Python36\lib\site-packages\django\core\servers\basehttp.py[line:124] "GET /static/rest_framework/css/default.css HTTP/1.1" 304 0
2018-07-27 10:30:06,028 INFO     E:\Program Files\Python36\lib\site-packages\django\core\servers\basehttp.py[line:124] "GET /static/rest_framework/css/bootstrap-tweaks.css HTTP/1.1" 200 3385
2018-07-27 10:30:06,028 INFO     E:\Program Files\Python36\lib\site-packages\django\core\servers\basehttp.py[line:124] "GET /static/rest_framework/css/prettify.css HTTP/1.1" 200 817
2018-07-27 10:30:06,043 INFO     E:\Program Files\Python36\lib\site-packages\django\core\servers\basehttp.py[line:124] "GET /static/rest_framework/js/default.js HTTP/1.1" 304 0
2018-07-27 10:30:06,055 INFO     E:\Program Files\Python36\lib\site-packages\django\core\servers\basehttp.py[line:124] "GET /static/rest_framework/js/prettify-min.js HTTP/1.1" 304 0
2018-07-27 10:30:06,055 INFO     E:\Program Files\Python36\lib\site-packages\django\core\servers\basehttp.py[line:124] "GET /static/rest_framework/js/bootstrap.min.js HTTP/1.1" 304 0
2018-07-27 10:30:06,059 INFO     E:\Program Files\Python36\lib\site-packages\django\core\servers\basehttp.py[line:124] "GET /static/rest_framework/js/ajax-form.js HTTP/1.1" 304 0
2018-07-27 10:30:06,062 INFO     E:\Program Files\Python36\lib\site-packages\django\core\servers\basehttp.py[line:124] "GET /static/rest_framework/js/csrf.js HTTP/1.1" 304 0
2018-07-27 10:30:06,064 INFO     E:\Program Files\Python36\lib\site-packages\django\core\servers\basehttp.py[line:124] "GET /static/rest_framework/img/grid.png HTTP/1.1" 304 0
2018-07-27 10:30:07,777 WARNING  E:\Program Files\Python36\lib\site-packages\django\core\servers\basehttp.py[line:124] "GET /rocky/ HTTP/1.1" 401 9382
2018-07-27 10:30:07,800 INFO     E:\Program Files\Python36\lib\site-packages\django\core\servers\basehttp.py[line:124] "GET /static/rest_framework/css/bootstrap.min.css HTTP/1.1" 200 121200
2018-07-27 10:30:07,818 INFO     E:\Program Files\Python36\lib\site-packages\django\core\servers\basehttp.py[line:124] "GET /static/rest_framework/css/prettify.css HTTP/1.1" 200 817
2018-07-27 10:30:07,821 INFO     E:\Program Files\Python36\lib\site-packages\django\core\servers\basehttp.py[line:124] "GET /static/rest_framework/css/default.css HTTP/1.1" 200 1131
2018-07-27 10:30:07,825 INFO     E:\Program Files\Python36\lib\site-packages\django\core\servers\basehttp.py[line:124] "GET /static/rest_framework/css/bootstrap-tweaks.css HTTP/1.1" 304 0
2018-07-27 10:30:07,830 INFO     E:\Program Files\Python36\lib\site-packages\django\core\servers\basehttp.py[line:124] "GET /static/rest_framework/js/ajax-form.js HTTP/1.1" 304 0
2018-07-27 10:30:07,835 INFO     E:\Program Files\Python36\lib\site-packages\django\core\servers\basehttp.py[line:124] "GET /static/rest_framework/js/jquery-3.3.1.min.js HTTP/1.1" 304 0
2018-07-27 10:30:07,844 INFO     E:\Program Files\Python36\lib\site-packages\django\core\servers\basehttp.py[line:124] "GET /static/rest_framework/js/csrf.js HTTP/1.1" 304 0
2018-07-27 10:30:07,845 INFO     E:\Program Files\Python36\lib\site-packages\django\core\servers\basehttp.py[line:124] "GET /static/rest_framework/js/bootstrap.min.js HTTP/1.1" 304 0
2018-07-27 10:30:07,849 INFO     E:\Program Files\Python36\lib\site-packages\django\core\servers\basehttp.py[line:124] "GET /static/rest_framework/js/prettify-min.js HTTP/1.1" 304 0
2018-07-27 10:30:07,854 INFO     E:\Program Files\Python36\lib\site-packages\django\core\servers\basehttp.py[line:124] "GET /static/rest_framework/js/default.js HTTP/1.1" 304 0
2018-07-27 10:30:07,858 INFO     E:\Program Files\Python36\lib\site-packages\django\core\servers\basehttp.py[line:124] "GET /static/rest_framework/img/grid.png HTTP/1.1" 200 1458
2018-07-27 10:31:19,319 WARNING  E:\Program Files\Python36\lib\site-packages\django\core\servers\basehttp.py[line:124] "GET /rocky/ HTTP/1.1" 401 9382
2018-07-27 10:31:19,343 INFO     E:\Program Files\Python36\lib\site-packages\django\core\servers\basehttp.py[line:124] "GET /static/rest_framework/css/bootstrap.min.css HTTP/1.1" 304 0
2018-07-27 10:31:19,358 INFO     E:\Program Files\Python36\lib\site-packages\django\core\servers\basehttp.py[line:124] "GET /static/rest_framework/css/bootstrap-tweaks.css HTTP/1.1" 304 0
2018-07-27 10:31:19,366 INFO     E:\Program Files\Python36\lib\site-packages\django\core\servers\basehttp.py[line:124] "GET /static/rest_framework/css/prettify.css HTTP/1.1" 304 0
2018-07-27 10:31:19,371 INFO     E:\Program Files\Python36\lib\site-packages\django\core\servers\basehttp.py[line:124] "GET /static/rest_framework/js/jquery-3.3.1.min.js HTTP/1.1" 304 0
2018-07-27 10:31:19,375 INFO     E:\Program Files\Python36\lib\site-packages\django\core\servers\basehttp.py[line:124] "GET /static/rest_framework/css/default.css HTTP/1.1" 304 0
2018-07-27 10:31:19,380 INFO     E:\Program Files\Python36\lib\site-packages\django\core\servers\basehttp.py[line:124] "GET /static/rest_framework/js/ajax-form.js HTTP/1.1" 304 0
2018-07-27 10:31:19,385 INFO     E:\Program Files\Python36\lib\site-packages\django\core\servers\basehttp.py[line:124] "GET /static/rest_framework/js/prettify-min.js HTTP/1.1" 304 0
2018-07-27 10:31:19,385 INFO     E:\Program Files\Python36\lib\site-packages\django\core\servers\basehttp.py[line:124] "GET /static/rest_framework/js/bootstrap.min.js HTTP/1.1" 304 0
2018-07-27 10:31:19,398 INFO     E:\Program Files\Python36\lib\site-packages\django\core\servers\basehttp.py[line:124] "GET /static/rest_framework/js/csrf.js HTTP/1.1" 304 0
2018-07-27 10:31:19,402 INFO     E:\Program Files\Python36\lib\site-packages\django\core\servers\basehttp.py[line:124] "GET /static/rest_framework/js/default.js HTTP/1.1" 304 0
2018-07-27 10:31:19,402 INFO     E:\Program Files\Python36\lib\site-packages\django\core\servers\basehttp.py[line:124] "GET /static/rest_framework/img/grid.png HTTP/1.1" 304 0
2018-07-27 10:31:21,207 WARNING  E:\Program Files\Python36\lib\site-packages\django\core\servers\basehttp.py[line:124] "GET /rocky/ HTTP/1.1" 401 9382
2018-07-27 10:31:21,232 INFO     E:\Program Files\Python36\lib\site-packages\django\core\servers\basehttp.py[line:124] "GET /static/rest_framework/css/bootstrap.min.css HTTP/1.1" 200 121200
2018-07-27 10:31:21,251 INFO     E:\Program Files\Python36\lib\site-packages\django\core\servers\basehttp.py[line:124] "GET /static/rest_framework/css/bootstrap-tweaks.css HTTP/1.1" 200 3385
2018-07-27 10:31:21,252 INFO     E:\Program Files\Python36\lib\site-packages\django\core\servers\basehttp.py[line:124] "GET /static/rest_framework/css/prettify.css HTTP/1.1" 200 817
2018-07-27 10:31:21,261 INFO     E:\Program Files\Python36\lib\site-packages\django\core\servers\basehttp.py[line:124] "GET /static/rest_framework/js/ajax-form.js HTTP/1.1" 304 0
2018-07-27 10:31:21,271 INFO     E:\Program Files\Python36\lib\site-packages\django\core\servers\basehttp.py[line:124] "GET /static/rest_framework/js/jquery-3.3.1.min.js HTTP/1.1" 304 0
2018-07-27 10:31:21,275 INFO     E:\Program Files\Python36\lib\site-packages\django\core\servers\basehttp.py[line:124] "GET /static/rest_framework/js/csrf.js HTTP/1.1" 304 0
2018-07-27 10:31:21,276 INFO     E:\Program Files\Python36\lib\site-packages\django\core\servers\basehttp.py[line:124] "GET /static/rest_framework/css/default.css HTTP/1.1" 200 1131
2018-07-27 10:31:21,279 INFO     E:\Program Files\Python36\lib\site-packages\django\core\servers\basehttp.py[line:124] "GET /static/rest_framework/js/bootstrap.min.js HTTP/1.1" 304 0
2018-07-27 10:31:21,298 INFO     E:\Program Files\Python36\lib\site-packages\django\core\servers\basehttp.py[line:124] "GET /static/rest_framework/js/prettify-min.js HTTP/1.1" 304 0
2018-07-27 10:31:21,302 INFO     E:\Program Files\Python36\lib\site-packages\django\core\servers\basehttp.py[line:124] "GET /static/rest_framework/js/default.js HTTP/1.1" 304 0
2018-07-27 10:31:21,304 INFO     E:\Program Files\Python36\lib\site-packages\django\core\servers\basehttp.py[line:124] "GET /static/rest_framework/img/grid.png HTTP/1.1" 200 1458
2018-07-27 10:31:30,634 WARNING  E:\Program Files\Python36\lib\site-packages\django\core\servers\basehttp.py[line:124] "GET /rocky/?format=api HTTP/1.1" 401 9415
2018-07-27 10:31:34,422 WARNING  E:\Program Files\Python36\lib\site-packages\django\core\servers\basehttp.py[line:124] "GET /rocky/?format=json HTTP/1.1" 401 58
2018-07-27 10:31:48,973 WARNING  E:\Program Files\Python36\lib\site-packages\django\core\servers\basehttp.py[line:124] "GET /rocky/?format=json HTTP/1.1" 401 58
2018-07-27 10:31:50,037 WARNING  E:\Program Files\Python36\lib\site-packages\django\core\servers\basehttp.py[line:124] "GET /rocky/?format=json HTTP/1.1" 401 58
2018-07-27 10:31:51,389 INFO     E:\Program Files\Python36\lib\site-packages\django\core\servers\basehttp.py[line:124] "GET /static/rest_framework/css/bootstrap-tweaks.css HTTP/1.1" 200 3385
2018-07-27 10:31:51,389 INFO     E:\Program Files\Python36\lib\site-packages\django\core\servers\basehttp.py[line:124] "GET /static/rest_framework/css/bootstrap.min.css HTTP/1.1" 200 8192
2018-07-27 10:31:51,396 INFO     E:\Program Files\Python36\lib\site-packages\django\core\servers\basehttp.py[line:124] "GET /static/rest_framework/css/prettify.css HTTP/1.1" 200 817
2018-07-27 10:31:51,441 ERROR    E:\Program Files\Python36\lib\site-packages\django\core\servers\basehttp.py[line:124] "GET /static/rest_framework/css/bootstrap-tweaks.css HTTP/1.1" 500 59
2018-07-27 10:31:51,504 ERROR    E:\Program Files\Python36\lib\site-packages\django\core\servers\basehttp.py[line:124] "GET /static/rest_framework/css/prettify.css HTTP/1.1" 500 59
2018-07-27 10:31:51,504 ERROR    E:\Program Files\Python36\lib\site-packages\django\core\servers\basehttp.py[line:124] "GET /static/rest_framework/css/bootstrap.min.css HTTP/1.1" 500 59
2018-07-27 10:32:19,265 WARNING  E:\Program Files\Python36\lib\site-packages\django\core\servers\basehttp.py[line:124] "GET /rocky/?format=api HTTP/1.1" 401 9415
2018-07-27 10:32:19,288 INFO     E:\Program Files\Python36\lib\site-packages\django\core\servers\basehttp.py[line:124] "GET /static/rest_framework/css/bootstrap.min.css HTTP/1.1" 304 0
2018-07-27 10:32:19,288 INFO     E:\Program Files\Python36\lib\site-packages\django\core\servers\basehttp.py[line:124] "GET /static/rest_framework/css/bootstrap-tweaks.css HTTP/1.1" 304 0
2018-07-27 10:32:19,301 INFO     E:\Program Files\Python36\lib\site-packages\django\core\servers\basehttp.py[line:124] "GET /static/rest_framework/css/prettify.css HTTP/1.1" 304 0
2018-07-27 10:32:19,303 INFO     E:\Program Files\Python36\lib\site-packages\django\core\servers\basehttp.py[line:124] "GET /static/rest_framework/css/default.css HTTP/1.1" 304 0
2018-07-27 10:32:19,307 INFO     E:\Program Files\Python36\lib\site-packages\django\core\servers\basehttp.py[line:124] "GET /static/rest_framework/js/jquery-3.3.1.min.js HTTP/1.1" 304 0
2018-07-27 10:32:19,323 INFO     E:\Program Files\Python36\lib\site-packages\django\core\servers\basehttp.py[line:124] "GET /static/rest_framework/js/ajax-form.js HTTP/1.1" 304 0
2018-07-27 10:32:19,327 INFO     E:\Program Files\Python36\lib\site-packages\django\core\servers\basehttp.py[line:124] "GET /static/rest_framework/js/csrf.js HTTP/1.1" 304 0
2018-07-27 10:32:19,330 INFO     E:\Program Files\Python36\lib\site-packages\django\core\servers\basehttp.py[line:124] "GET /static/rest_framework/js/prettify-min.js HTTP/1.1" 304 0
2018-07-27 10:32:19,339 INFO     E:\Program Files\Python36\lib\site-packages\django\core\servers\basehttp.py[line:124] "GET /static/rest_framework/js/bootstrap.min.js HTTP/1.1" 304 0
2018-07-27 10:32:19,342 INFO     E:\Program Files\Python36\lib\site-packages\django\core\servers\basehttp.py[line:124] "GET /static/rest_framework/js/default.js HTTP/1.1" 304 0
2018-07-27 10:32:19,345 INFO     E:\Program Files\Python36\lib\site-packages\django\core\servers\basehttp.py[line:124] "GET /static/rest_framework/img/grid.png HTTP/1.1" 200 1458
2018-07-27 10:32:23,211 WARNING  E:\Program Files\Python36\lib\site-packages\django\core\servers\basehttp.py[line:124] "GET /rocky/ HTTP/1.1" 401 9382
2018-07-27 10:32:36,996 WARNING  E:\Program Files\Python36\lib\site-packages\django\core\servers\basehttp.py[line:124] "GET /rocky/ HTTP/1.1" 401 9382
2018-07-27 10:32:37,020 INFO     E:\Program Files\Python36\lib\site-packages\django\core\servers\basehttp.py[line:124] "GET /static/rest_framework/css/bootstrap.min.css HTTP/1.1" 304 0
2018-07-27 10:32:37,032 INFO     E:\Program Files\Python36\lib\site-packages\django\core\servers\basehttp.py[line:124] "GET /static/rest_framework/css/bootstrap-tweaks.css HTTP/1.1" 304 0
2018-07-27 10:32:37,035 INFO     E:\Program Files\Python36\lib\site-packages\django\core\servers\basehttp.py[line:124] "GET /static/rest_framework/css/prettify.css HTTP/1.1" 304 0
2018-07-27 10:32:37,038 INFO     E:\Program Files\Python36\lib\site-packages\django\core\servers\basehttp.py[line:124] "GET /static/rest_framework/css/default.css HTTP/1.1" 304 0
2018-07-27 10:32:37,043 INFO     E:\Program Files\Python36\lib\site-packages\django\core\servers\basehttp.py[line:124] "GET /static/rest_framework/js/jquery-3.3.1.min.js HTTP/1.1" 304 0
2018-07-27 10:32:37,050 INFO     E:\Program Files\Python36\lib\site-packages\django\core\servers\basehttp.py[line:124] "GET /static/rest_framework/js/csrf.js HTTP/1.1" 304 0
2018-07-27 10:32:37,055 INFO     E:\Program Files\Python36\lib\site-packages\django\core\servers\basehttp.py[line:124] "GET /static/rest_framework/js/ajax-form.js HTTP/1.1" 304 0
2018-07-27 10:32:37,059 INFO     E:\Program Files\Python36\lib\site-packages\django\core\servers\basehttp.py[line:124] "GET /static/rest_framework/js/prettify-min.js HTTP/1.1" 304 0
2018-07-27 10:32:37,063 INFO     E:\Program Files\Python36\lib\site-packages\django\core\servers\basehttp.py[line:124] "GET /static/rest_framework/js/bootstrap.min.js HTTP/1.1" 304 0
2018-07-27 10:32:37,065 INFO     E:\Program Files\Python36\lib\site-packages\django\core\servers\basehttp.py[line:124] "GET /static/rest_framework/js/default.js HTTP/1.1" 304 0
2018-07-27 10:32:37,067 INFO     E:\Program Files\Python36\lib\site-packages\django\core\servers\basehttp.py[line:124] "GET /static/rest_framework/img/grid.png HTTP/1.1" 200 1458
2018-07-27 11:06:35,389 WARNING  E:\Program Files\Python36\lib\site-packages\django\core\handlers\base.py[line:93] Not Found: /rocky/devices
2018-07-27 11:06:35,389 WARNING  E:\Program Files\Python36\lib\site-packages\django\core\servers\basehttp.py[line:124] "GET /rocky/devices HTTP/1.1" 404 4835
2018-07-27 11:06:40,015 WARNING  E:\Program Files\Python36\lib\site-packages\django\core\handlers\base.py[line:93] Not Found: /rocky/device
2018-07-27 11:06:40,016 WARNING  E:\Program Files\Python36\lib\site-packages\django\core\servers\basehttp.py[line:124] "GET /rocky/device HTTP/1.1" 404 4832
2018-07-27 11:06:44,589 WARNING  E:\Program Files\Python36\lib\site-packages\django\core\handlers\base.py[line:93] Not Found: /rocky/device¡¢
2018-07-27 11:06:44,591 WARNING  E:\Program Files\Python36\lib\site-packages\django\core\servers\basehttp.py[line:124] "GET /rocky/device%E3%80%81 HTTP/1.1" 404 4847
2018-07-27 11:06:50,711 WARNING  E:\Program Files\Python36\lib\site-packages\django\core\servers\basehttp.py[line:124] "GET /rocky/device/ HTTP/1.1" 401 9595
2018-07-27 13:47:34,887 WARNING  E:\Program Files\Python36\lib\site-packages\django\core\servers\basehttp.py[line:124] "GET /rocky/device/ HTTP/1.1" 401 9595
2018-07-27 13:47:34,980 INFO     E:\Program Files\Python36\lib\site-packages\django\core\servers\basehttp.py[line:124] "GET /static/rest_framework/js/ajax-form.js HTTP/1.1" 304 0
2018-07-27 13:47:34,981 INFO     E:\Program Files\Python36\lib\site-packages\django\core\servers\basehttp.py[line:124] "GET /static/rest_framework/js/jquery-3.3.1.min.js HTTP/1.1" 304 0
2018-07-27 13:47:34,988 INFO     E:\Program Files\Python36\lib\site-packages\django\core\servers\basehttp.py[line:124] "GET /static/rest_framework/js/prettify-min.js HTTP/1.1" 304 0
2018-07-27 13:47:34,992 INFO     E:\Program Files\Python36\lib\site-packages\django\core\servers\basehttp.py[line:124] "GET /static/rest_framework/js/bootstrap.min.js HTTP/1.1" 304 0
2018-07-27 13:47:34,995 INFO     E:\Program Files\Python36\lib\site-packages\django\core\servers\basehttp.py[line:124] "GET /static/rest_framework/js/default.js HTTP/1.1" 304 0
2018-07-27 13:47:34,998 INFO     E:\Program Files\Python36\lib\site-packages\django\core\servers\basehttp.py[line:124] "GET /static/rest_framework/js/csrf.js HTTP/1.1" 304 0
2018-07-27 13:47:35,026 INFO     E:\Program Files\Python36\lib\site-packages\django\core\servers\basehttp.py[line:124] "GET /static/rest_framework/css/prettify.css HTTP/1.1" 200 817
2018-07-27 13:47:35,034 INFO     E:\Program Files\Python36\lib\site-packages\django\core\servers\basehttp.py[line:124] "GET /static/rest_framework/css/bootstrap-tweaks.css HTTP/1.1" 200 3385
2018-07-27 13:47:35,034 INFO     E:\Program Files\Python36\lib\site-packages\django\core\servers\basehttp.py[line:124] "GET /static/rest_framework/css/default.css HTTP/1.1" 200 1131
2018-07-27 13:47:35,090 INFO     E:\Program Files\Python36\lib\site-packages\django\core\servers\basehttp.py[line:124] "GET /static/rest_framework/css/bootstrap.min.css HTTP/1.1" 200 121200
2018-07-27 13:47:35,145 INFO     E:\Program Files\Python36\lib\site-packages\django\core\servers\basehttp.py[line:124] "GET /static/rest_framework/img/grid.png HTTP/1.1" 200 1458
2018-07-27 13:48:14,291 INFO     E:\Program Files\Python36\lib\site-packages\django\core\servers\basehttp.py[line:124] "GET /rocky/device/ HTTP/1.1" 200 1390
2018-07-27 13:48:45,507 WARNING  E:\Program Files\Python36\lib\site-packages\django\core\servers\basehttp.py[line:124] "DELETE /rocky/device/ HTTP/1.1" 405 43
2018-07-27 13:48:58,852 WARNING  E:\Program Files\Python36\lib\site-packages\django\core\servers\basehttp.py[line:124] "GET /rocky/device/ HTTP/1.1" 401 9595
2018-07-27 13:48:58,907 INFO     E:\Program Files\Python36\lib\site-packages\django\core\servers\basehttp.py[line:124] "GET /static/rest_framework/img/grid.png HTTP/1.1" 200 1458
2018-07-27 13:48:58,939 ERROR    E:\Program Files\Python36\lib\site-packages\django\core\servers\basehttp.py[line:124] "GET /static/rest_framework/img/grid.png HTTP/1.1" 500 59
2018-07-27 13:48:59,929 WARNING  E:\Program Files\Python36\lib\site-packages\django\core\servers\basehttp.py[line:124] "GET /rocky/device/ HTTP/1.1" 401 9595
2018-07-27 13:49:01,810 WARNING  E:\Program Files\Python36\lib\site-packages\django\core\servers\basehttp.py[line:124] "GET /rocky/device/?format=json HTTP/1.1" 401 58
2018-07-27 13:49:19,155 INFO     E:\Program Files\Python36\lib\site-packages\django\core\servers\basehttp.py[line:124] "OPTIONS /rocky/device/ HTTP/1.1" 200 1014
2018-07-27 13:50:04,081 WARNING  E:\Program Files\Python36\lib\site-packages\django\core\handlers\base.py[line:93] Not Found: /rocky/device/1
2018-07-27 13:50:04,081 WARNING  E:\Program Files\Python36\lib\site-packages\django\core\servers\basehttp.py[line:124] "OPTIONS /rocky/device/1 HTTP/1.1" 404 4364
2018-07-27 13:50:14,534 INFO     E:\Program Files\Python36\lib\site-packages\django\core\servers\basehttp.py[line:124] "OPTIONS /rocky/device/1/ HTTP/1.1" 200 1017
2018-07-27 13:50:32,588 INFO     E:\Program Files\Python36\lib\site-packages\django\core\servers\basehttp.py[line:124] "DELETE /rocky/device/1/ HTTP/1.1" 204 0
2018-07-27 13:50:53,099 INFO     E:\Program Files\Python36\lib\site-packages\django\core\servers\basehttp.py[line:124] "GET / HTTP/1.1" 200 993
2018-07-27 13:50:53,183 INFO     E:\Program Files\Python36\lib\site-packages\django\core\servers\basehttp.py[line:124] "GET /static/js/app.917e2985b60c8ab30664.js HTTP/1.1" 200 10743
2018-07-27 13:50:53,185 INFO     E:\Program Files\Python36\lib\site-packages\django\core\servers\basehttp.py[line:124] "GET /static/js/manifest.2ae2e69a05c33dfc65f8.js HTTP/1.1" 200 857
2018-07-27 13:50:53,267 INFO     E:\Program Files\Python36\lib\site-packages\django\core\servers\basehttp.py[line:124] "GET /static/css/app.cefd6fa49371f1d76bc58bd4e2d73822.css HTTP/1.1" 200 227596
2018-07-27 13:50:53,331 INFO     E:\Program Files\Python36\lib\site-packages\django\core\servers\basehttp.py[line:124] "GET /static/js/vendor.3368260521ebce99eaba.js HTTP/1.1" 304 0
2018-07-27 13:50:54,235 INFO     E:\Program Files\Python36\lib\site-packages\django\core\servers\basehttp.py[line:124] "GET /rocky/device/ HTTP/1.1" 200 1220
2018-07-27 14:00:08,007 INFO     E:\Program Files\Python36\lib\site-packages\django\core\servers\basehttp.py[line:124] "GET / HTTP/1.1" 200 993
2018-07-27 14:00:08,041 INFO     E:\Program Files\Python36\lib\site-packages\django\core\servers\basehttp.py[line:124] "GET /static/css/app.cefd6fa49371f1d76bc58bd4e2d73822.css HTTP/1.1" 200 227596
2018-07-27 14:00:08,059 INFO     E:\Program Files\Python36\lib\site-packages\django\core\servers\basehttp.py[line:124] "GET /static/js/vendor.3368260521ebce99eaba.js HTTP/1.1" 200 775982
2018-07-27 14:00:08,064 INFO     E:\Program Files\Python36\lib\site-packages\django\core\servers\basehttp.py[line:124] "GET /static/js/manifest.2ae2e69a05c33dfc65f8.js HTTP/1.1" 200 857
2018-07-27 14:00:08,064 INFO     E:\Program Files\Python36\lib\site-packages\django\core\servers\basehttp.py[line:124] "GET /static/js/app.b599fb455870e64cfe3e.js HTTP/1.1" 200 10777
2018-07-27 14:00:10,895 INFO     E:\Program Files\Python36\lib\site-packages\django\core\servers\basehttp.py[line:124] "GET /rocky/device/ HTTP/1.1" 200 1220
2018-07-27 14:00:25,452 INFO     E:\Program Files\Python36\lib\site-packages\django\core\servers\basehttp.py[line:124] "GET /static/js/app.b599fb455870e64cfe3e.js.map HTTP/1.1" 200 53419
2018-07-27 14:00:25,459 INFO     E:\Program Files\Python36\lib\site-packages\django\core\servers\basehttp.py[line:124] "GET /static/css/app.cefd6fa49371f1d76bc58bd4e2d73822.css.map HTTP/1.1" 200 308004
2018-07-27 14:00:25,522 INFO     E:\Program Files\Python36\lib\site-packages\django\core\servers\basehttp.py[line:124] "GET /static/js/vendor.3368260521ebce99eaba.js.map HTTP/1.1" 200 3375783
2018-07-27 14:05:04,268 INFO     E:\Program Files\Python36\lib\site-packages\django\core\servers\basehttp.py[line:124] "GET / HTTP/1.1" 200 993
2018-07-27 14:05:04,334 INFO     E:\Program Files\Python36\lib\site-packages\django\core\servers\basehttp.py[line:124] "GET /static/js/manifest.2ae2e69a05c33dfc65f8.js HTTP/1.1" 200 857
2018-07-27 14:05:04,337 INFO     E:\Program Files\Python36\lib\site-packages\django\core\servers\basehttp.py[line:124] "GET /static/js/app.2a94f9a0faac7346b726.js HTTP/1.1" 200 10846
2018-07-27 14:05:04,337 INFO     E:\Program Files\Python36\lib\site-packages\django\core\servers\basehttp.py[line:124] "GET /static/css/app.cefd6fa49371f1d76bc58bd4e2d73822.css HTTP/1.1" 200 227596
2018-07-27 14:05:04,345 INFO     E:\Program Files\Python36\lib\site-packages\django\core\servers\basehttp.py[line:124] "GET /static/js/vendor.3368260521ebce99eaba.js HTTP/1.1" 200 775982
2018-07-27 14:05:05,566 INFO     E:\Program Files\Python36\lib\site-packages\django\core\servers\basehttp.py[line:124] "GET /rocky/device/ HTTP/1.1" 200 1220
2018-07-27 14:05:05,738 INFO     E:\Program Files\Python36\lib\site-packages\django\core\servers\basehttp.py[line:124] "GET /static/js/app.2a94f9a0faac7346b726.js.map HTTP/1.1" 200 53715
2018-07-27 14:05:10,018 INFO     E:\Program Files\Python36\lib\site-packages\django\core\servers\basehttp.py[line:124] "DELETE /rocky/device/2/ HTTP/1.1" 204 0
2018-07-27 14:05:11,876 INFO     E:\Program Files\Python36\lib\site-packages\django\core\servers\basehttp.py[line:124] "GET /rocky/device/ HTTP/1.1" 200 1049
2018-07-27 14:05:30,532 INFO     E:\Program Files\Python36\lib\site-packages\django\core\servers\basehttp.py[line:124] "DELETE /rocky/device/3/ HTTP/1.1" 204 0
2018-07-27 14:05:32,493 INFO     E:\Program Files\Python36\lib\site-packages\django\core\servers\basehttp.py[line:124] "GET /rocky/device/ HTTP/1.1" 200 868
2018-07-27 14:07:58,340 INFO     E:\Program Files\Python36\lib\site-packages\django\core\servers\basehttp.py[line:124] "GET /static/js/manifest.2ae2e69a05c33dfc65f8.js.map HTTP/1.1" 200 4972
2018-07-27 14:07:58,402 INFO     E:\Program Files\Python36\lib\site-packages\django\core\servers\basehttp.py[line:124] "GET /static/js/vendor.3368260521ebce99eaba.js.map HTTP/1.1" 200 3375783
